<?xml version="1.0" encoding="UTF-8"?>
<!-- Generated by org.testng.reporters.JUnitReportReporter -->
<testsuite hostname="SenthilPasupala" failures="0" tests="1" name="com.orange.hrm.test.HomePageTest" time="1.580" errors="0" timestamp="2024-11-12T13:25:49 EST" skipped="0">
  <testcase classname="com.orange.hrm.test.HomePageTest" name="logout" time="1.580"/>
</testsuite> <!-- com.orange.hrm.test.HomePageTest -->
