<?xml version="1.0" encoding="UTF-8"?>
<!-- Generated by org.testng.reporters.JUnitReportReporter -->
<testsuite hostname="SenthilPasupala" failures="0" tests="1" name="com.orange.hrm.test.LoginTest" time="6.097" errors="0" timestamp="2024-11-12T13:25:49 EST" skipped="0">
  <testcase classname="com.orange.hrm.test.LoginTest" name="loginwithValidUserNameAndValidPassword" time="6.097"/>
</testsuite> <!-- com.orange.hrm.test.LoginTest -->
