<?xml version="1.0" encoding="UTF-8"?>
<!-- Generated by org.testng.reporters.JUnitReportReporter -->
<testsuite hostname="SenthilPasupala" failures="0" tests="3" name="com.test.OrangeHRMTest" time="14.110" errors="0" timestamp="2024-11-06T12:15:39 EST" skipped="0">
  <testcase classname="com.test.OrangeHRMTest" name="login" time="9.100"/>
  <testcase classname="com.test.OrangeHRMTest" name="testAdmin" time="3.740"/>
  <testcase classname="com.test.OrangeHRMTest" name="testlogout" time="1.270"/>
</testsuite> <!-- com.test.OrangeHRMTest -->
